<?xml version="1.0" encoding="UTF-8"?>
<testng-results ignored="0" total="1" passed="1" failed="0" skipped="0">
  <reporter-output>
  </reporter-output>
  <suite started-at="2022-02-28T08:19:08 IST" name="Surefire suite" finished-at="2022-02-28T08:19:17 IST" duration-ms="8988">
    <groups>
    </groups>
    <test started-at="2022-02-28T08:19:08 IST" name="Surefire test" finished-at="2022-02-28T08:19:17 IST" duration-ms="8988">
      <class name="AppiumExample.Animaker.TestChrome">
        <test-method signature="googleSearch()[pri:0, instance:AppiumExample.Animaker.TestChrome@8c3b9d]" started-at="2022-02-28T08:19:08 IST" name="googleSearch" finished-at="2022-02-28T08:19:17 IST" duration-ms="8952" status="PASS">
          <reporter-output>
          </reporter-output>
        </test-method> <!-- googleSearch -->
      </class> <!-- AppiumExample.Animaker.TestChrome -->
    </test> <!-- Surefire test -->
  </suite> <!-- Surefire suite -->
</testng-results>
